<?xml version="1.0" encoding="UTF-8"?>
<!-- Generated by org.testng.reporters.JUnitReportReporter -->
<testsuite hostname="DESKTOP-GCBKI80" failures="0" tests="1" name="com.techpanda.testcases.Testcase_04" time="22.529" errors="0" timestamp="2024-04-25T19:23:19 IST" skipped="0">
  <testcase classname="com.techpanda.testcases.Testcase_04" name="case4" time="22.529"/>
  <system-out/>
</testsuite> <!-- com.techpanda.testcases.Testcase_04 -->
