<?xml version="1.0" encoding="UTF-8"?>
<!-- Generated by org.testng.reporters.JUnitReportReporter -->
<testsuite hostname="DESKTOP-GCBKI80" failures="0" tests="1" name="com.techpanda.testcases.Testcase_01" time="22.755" errors="0" timestamp="2024-04-25T19:00:35 IST" skipped="0">
  <testcase classname="com.techpanda.testcases.Testcase_01" name="case1" time="22.755"/>
  <system-out/>
</testsuite> <!-- com.techpanda.testcases.Testcase_01 -->
