<?xml version="1.0" encoding="UTF-8"?>
<!-- Generated by org.testng.reporters.JUnitReportReporter -->
<testsuite hostname="DESKTOP-GCBKI80" failures="0" tests="1" name="Day1.Testcase_01" time="12.825" errors="0" timestamp="2024-04-02T13:15:02 IST" skipped="0">
  <testcase classname="Day1.Testcase_01" name="case1" time="12.825"/>
  <system-out/>
</testsuite> <!-- Day1.Testcase_01 -->
